
> frontend@0.1.0 dev
> NODE_OPTIONS='--max-old-space-size=4096' next dev

   ▲ Next.js 15.3.4
   - Local:        http://localhost:3000
   - Network:      http://192.168.0.100:3000
   - Environments: .env.local

 ✓ Starting...
 ✓ Ready in 1604ms
 ✓ Compiled /middleware in 149ms (108 modules)
 ○ Compiling /login ...
 ✓ Compiled /login in 1510ms (1087 modules)
 GET /login 200 in 3318ms
 ○ Compiling /_not-found ...
 ✓ Compiled /favicon.ico in 1238ms (1091 modules)
 ✓ Compiled (1107 modules)
 GET /.well-known/appspecific/com.chrome.devtools.json 404 in 1615ms
 GET /favicon.ico 200 in 706ms
 GET /login 200 in 160ms
 GET /.well-known/appspecific/com.chrome.devtools.json 404 in 46ms
 GET /login 200 in 59ms
 GET /.well-known/appspecific/com.chrome.devtools.json 404 in 76ms
 ○ Compiling /dashboard ...
 ✓ Compiled /dashboard in 1593ms (1948 modules)
 GET /dashboard 200 in 1762ms
 ○ Compiling /dashboard/upload ...
 ✓ Compiled /dashboard/upload in 535ms (2001 modules)
 GET /dashboard/upload 200 in 608ms
 ✓ Compiled /dashboard/holdings in 232ms (2024 modules)
 GET /dashboard/holdings 200 in 271ms
 GET /dashboard/upload 200 in 23ms
 GET /dashboard 200 in 20ms
 GET /dashboard/upload 200 in 21ms
 GET /dashboard/holdings 200 in 20ms
 GET /dashboard/upload 200 in 16ms
 GET /dashboard/upload 200 in 172ms
 ○ Compiling /favicon.ico ...
 ✓ Compiled /favicon.ico in 535ms (1126 modules)
 GET /favicon.ico 200 in 622ms
 GET /dashboard 200 in 61ms
 GET /dashboard 200 in 190ms
 GET /favicon.ico 200 in 4ms
 GET /login 200 in 105ms
 GET /dashboard 200 in 23ms
 GET /dashboard/upload 200 in 34ms
 GET /dashboard 200 in 11ms
 GET /dashboard 200 in 73ms
 ○ Compiling /_not-found ...
 ✓ Compiled /_not-found in 1175ms (2028 modules)
 GET /.well-known/appspecific/com.chrome.devtools.json 404 in 1458ms
 GET /dashboard 200 in 175ms
 GET /.well-known/appspecific/com.chrome.devtools.json 404 in 45ms
 ✓ Compiled /favicon.ico in 232ms (1127 modules)
 GET /favicon.ico 200 in 304ms
 GET /dashboard 200 in 238ms
 GET /.well-known/appspecific/com.chrome.devtools.json 404 in 76ms
 GET /favicon.ico 200 in 23ms
 GET /dashboard 200 in 87ms
 GET /.well-known/appspecific/com.chrome.devtools.json 404 in 65ms
 GET /favicon.ico 200 in 39ms
 GET /dashboard/upload 200 in 33ms
 GET /dashboard/holdings 200 in 23ms
 GET /dashboard/holdings 200 in 15ms
 GET /.well-known/appspecific/com.chrome.devtools.json 404 in 35ms
 GET /dashboard/holdings 200 in 166ms
 GET /favicon.ico 200 in 26ms
 GET /login 200 in 216ms
 GET /.well-known/appspecific/com.chrome.devtools.json 404 in 62ms
 GET /login 200 in 134ms
 GET /.well-known/appspecific/com.chrome.devtools.json 404 in 71ms
 GET /dashboard 200 in 23ms
 GET /login 200 in 76ms
 GET /.well-known/appspecific/com.chrome.devtools.json 404 in 61ms
 GET /dashboard 200 in 47ms
 GET /dashboard/upload 200 in 49ms
 GET /upload 404 in 58ms
 ✓ Compiled in 3.2s (2038 modules)
 GET /dashboard/upload 200 in 364ms
 ✓ Compiled in 671ms (2038 modules)
 GET /dashboard/upload 200 in 62ms
 ✓ Compiled in 626ms (2038 modules)
 GET /dashboard/upload 200 in 50ms
 ✓ Compiled in 621ms (2038 modules)
 GET /dashboard/upload 200 in 38ms
 ✓ Compiled in 661ms (2038 modules)
 GET /dashboard/upload 200 in 69ms
 ✓ Compiled in 683ms (2038 modules)
 GET /dashboard/upload 200 in 43ms
 ✓ Compiled in 668ms (2038 modules)
 GET /dashboard/upload 200 in 72ms
 ✓ Compiled in 748ms (2038 modules)
 GET /dashboard/upload 200 in 43ms
 ✓ Compiled in 687ms (2038 modules)
 GET /dashboard/upload 200 in 43ms
 GET /dashboard/upload 200 in 241ms
 ○ Compiling /_not-found ...
 ✓ Compiled /_not-found in 1062ms (2042 modules)
 GET /.well-known/appspecific/com.chrome.devtools.json 404 in 1165ms
 ○ Compiling /favicon.ico ...
 ✓ Compiled /favicon.ico in 806ms (1127 modules)
 GET /favicon.ico 200 in 917ms
 GET /favicon.ico 200 in 7ms
 GET /favicon.ico 200 in 7ms
 GET /dashboard 200 in 97ms
 GET /dashboard/upload 200 in 30ms
 GET /dashboard/holdings 200 in 21ms
 ✓ Compiled in 1823ms (2038 modules)
 GET /login 200 in 340ms
 GET /login 200 in 14ms
 ○ Compiling /_not-found ...
 ✓ Compiled /_not-found in 650ms (2028 modules)
 GET /.well-known/appspecific/com.chrome.devtools.json 404 in 776ms
 ✓ Compiled in 1112ms (2042 modules)
 GET /login 200 in 92ms
 ✓ Compiled in 744ms (2038 modules)
 GET /login 200 in 34ms
 ✓ Compiled in 780ms (2038 modules)
 GET /login 200 in 43ms
 ✓ Compiled in 713ms (2038 modules)
 GET /login 200 in 134ms
 ✓ Compiled in 648ms (2038 modules)
 GET /login 200 in 41ms
 ✓ Compiled in 565ms (2038 modules)
 GET /login 200 in 33ms
 ✓ Compiled in 640ms (2038 modules)
 GET /login 200 in 31ms
 GET /dashboard 200 in 44ms
 GET /dashboard/holdings 200 in 29ms
 ○ Compiling /dashboard/reports ...
 ⨯ ./src/components/ui/date-range-picker.tsx:7:1
Module not found: Can't resolve '@/lib/utils'
   5 | import { Calendar as CalendarIcon } from 'lucide-react';
   6 | import { DateRange } from 'react-day-picker';
>  7 | import { cn } from '@/lib/utils';
     | ^
   8 | import { Button } from '@/components/ui/button';
   9 | import { Calendar } from '@/components/ui/calendar';
  10 | import {

https://nextjs.org/docs/messages/module-not-found

Import trace for requested module:
./src/app/dashboard/reports/page.tsx
 ⨯ ./src/components/ui/date-range-picker.tsx:7:1
Module not found: Can't resolve '@/lib/utils'
   5 | import { Calendar as CalendarIcon } from 'lucide-react';
   6 | import { DateRange } from 'react-day-picker';
>  7 | import { cn } from '@/lib/utils';
     | ^
   8 | import { Button } from '@/components/ui/button';
   9 | import { Calendar } from '@/components/ui/calendar';
  10 | import {

https://nextjs.org/docs/messages/module-not-found

Import trace for requested module:
./src/app/dashboard/reports/page.tsx
 ⨯ ./src/components/ui/date-range-picker.tsx:7:1
Module not found: Can't resolve '@/lib/utils'
   5 | import { Calendar as CalendarIcon } from 'lucide-react';
   6 | import { DateRange } from 'react-day-picker';
>  7 | import { cn } from '@/lib/utils';
     | ^
   8 | import { Button } from '@/components/ui/button';
   9 | import { Calendar } from '@/components/ui/calendar';
  10 | import {

https://nextjs.org/docs/messages/module-not-found

Import trace for requested module:
./src/app/dashboard/reports/page.tsx
 GET /dashboard/reports 500 in 3116ms
 GET /dashboard/reports 500 in 7ms
 GET /dashboard/reports 500 in 7ms
 GET /dashboard/reports 500 in 8ms
 ⨯ ./src/components/ui/date-range-picker.tsx:9:1
Module not found: Can't resolve '@/components/ui/calendar'
   7 | import { cn } from '@/lib/utils';
   8 | import { Button } from '@/components/ui/button';
>  9 | import { Calendar } from '@/components/ui/calendar';
     | ^
  10 | import {
  11 |   Popover,
  12 |   PopoverContent,

https://nextjs.org/docs/messages/module-not-found

Import trace for requested module:
./src/app/dashboard/reports/page.tsx
 GET /dashboard/reports 500 in 34ms
 ⨯ ./src/components/ui/date-range-picker.tsx:9:1
Module not found: Can't resolve '@/components/ui/calendar'
   7 | import { cn } from '@/lib/utils';
   8 | import { Button } from '@/components/ui/button';
>  9 | import { Calendar } from '@/components/ui/calendar';
     | ^
  10 | import {
  11 |   Popover,
  12 |   PopoverContent,

https://nextjs.org/docs/messages/module-not-found

Import trace for requested module:
./src/app/dashboard/reports/page.tsx
 ⨯ ./src/components/ui/calendar.tsx:5:1
Module not found: Can't resolve 'react-day-picker'
  3 | import * as React from 'react';
  4 | import { ChevronLeft, ChevronRight } from 'lucide-react';
> 5 | import { DayPicker } from 'react-day-picker';
    | ^
  6 | import { cn } from '@/lib/utils';
  7 | import { buttonVariants } from '@/components/ui/button';
  8 |

https://nextjs.org/docs/messages/module-not-found

Import trace for requested module:
./src/components/ui/date-range-picker.tsx
./src/app/dashboard/reports/page.tsx
 ⨯ ./src/components/ui/calendar.tsx:5:1
Module not found: Can't resolve 'react-day-picker'
  3 | import * as React from 'react';
  4 | import { ChevronLeft, ChevronRight } from 'lucide-react';
> 5 | import { DayPicker } from 'react-day-picker';
    | ^
  6 | import { cn } from '@/lib/utils';
  7 | import { buttonVariants } from '@/components/ui/button';
  8 |

https://nextjs.org/docs/messages/module-not-found

Import trace for requested module:
./src/components/ui/date-range-picker.tsx
./src/app/dashboard/reports/page.tsx
 ⚠ ./src/components/ui/calendar.tsx
Attempted import error: 'buttonVariants' is not exported from '@/components/ui/button' (imported as 'buttonVariants').

Import trace for requested module:
./src/components/ui/calendar.tsx
./src/components/ui/date-range-picker.tsx
./src/app/dashboard/reports/page.tsx

./src/components/ui/calendar.tsx
Attempted import error: 'buttonVariants' is not exported from '@/components/ui/button' (imported as 'buttonVariants').

Import trace for requested module:
./src/components/ui/calendar.tsx
./src/components/ui/date-range-picker.tsx
./src/app/dashboard/reports/page.tsx
 ⚠ ./src/components/ui/calendar.tsx
Attempted import error: 'buttonVariants' is not exported from '@/components/ui/button' (imported as 'buttonVariants').

Import trace for requested module:
./src/components/ui/calendar.tsx
./src/components/ui/date-range-picker.tsx
./src/app/dashboard/reports/page.tsx

./src/components/ui/calendar.tsx
Attempted import error: 'buttonVariants' is not exported from '@/components/ui/button' (imported as 'buttonVariants').

Import trace for requested module:
./src/components/ui/calendar.tsx
./src/components/ui/date-range-picker.tsx
./src/app/dashboard/reports/page.tsx
 ⚠ ./src/components/ui/calendar.tsx
Attempted import error: 'buttonVariants' is not exported from '@/components/ui/button' (imported as 'buttonVariants').

Import trace for requested module:
./src/components/ui/calendar.tsx
./src/components/ui/date-range-picker.tsx
./src/app/dashboard/reports/page.tsx

./src/components/ui/calendar.tsx
Attempted import error: 'buttonVariants' is not exported from '@/components/ui/button' (imported as 'buttonVariants').

Import trace for requested module:
./src/components/ui/calendar.tsx
./src/components/ui/date-range-picker.tsx
./src/app/dashboard/reports/page.tsx

./src/components/ui/calendar.tsx
Attempted import error: 'buttonVariants' is not exported from '@/components/ui/button' (imported as 'buttonVariants').

Import trace for requested module:
./src/components/ui/calendar.tsx
./src/components/ui/date-range-picker.tsx
./src/app/dashboard/reports/page.tsx

./src/components/ui/calendar.tsx
Attempted import error: 'buttonVariants' is not exported from '@/components/ui/button' (imported as 'buttonVariants').

Import trace for requested module:
./src/components/ui/calendar.tsx
./src/components/ui/date-range-picker.tsx
./src/app/dashboard/reports/page.tsx
 ⚠ ./src/components/ui/calendar.tsx
Attempted import error: 'buttonVariants' is not exported from '@/components/ui/button' (imported as 'buttonVariants').

Import trace for requested module:
./src/components/ui/calendar.tsx
./src/components/ui/date-range-picker.tsx
./src/app/dashboard/reports/page.tsx

./src/components/ui/calendar.tsx
Attempted import error: 'buttonVariants' is not exported from '@/components/ui/button' (imported as 'buttonVariants').

Import trace for requested module:
./src/components/ui/calendar.tsx
./src/components/ui/date-range-picker.tsx
./src/app/dashboard/reports/page.tsx

./src/components/ui/calendar.tsx
Attempted import error: 'buttonVariants' is not exported from '@/components/ui/button' (imported as 'buttonVariants').

Import trace for requested module:
./src/components/ui/calendar.tsx
./src/components/ui/date-range-picker.tsx
./src/app/dashboard/reports/page.tsx

./src/components/ui/calendar.tsx
Attempted import error: 'buttonVariants' is not exported from '@/components/ui/button' (imported as 'buttonVariants').

Import trace for requested module:
./src/components/ui/calendar.tsx
./src/components/ui/date-range-picker.tsx
./src/app/dashboard/reports/page.tsx
 ⚠ ./src/components/ui/calendar.tsx
Attempted import error: 'buttonVariants' is not exported from '@/components/ui/button' (imported as 'buttonVariants').

Import trace for requested module:
./src/components/ui/calendar.tsx
./src/components/ui/date-range-picker.tsx
./src/app/dashboard/reports/page.tsx

./src/components/ui/calendar.tsx
Attempted import error: 'buttonVariants' is not exported from '@/components/ui/button' (imported as 'buttonVariants').

Import trace for requested module:
./src/components/ui/calendar.tsx
./src/components/ui/date-range-picker.tsx
./src/app/dashboard/reports/page.tsx

./src/components/ui/calendar.tsx
Attempted import error: 'buttonVariants' is not exported from '@/components/ui/button' (imported as 'buttonVariants').

Import trace for requested module:
./src/components/ui/calendar.tsx
./src/components/ui/date-range-picker.tsx
./src/app/dashboard/reports/page.tsx

./src/components/ui/calendar.tsx
Attempted import error: 'buttonVariants' is not exported from '@/components/ui/button' (imported as 'buttonVariants').

Import trace for requested module:
./src/components/ui/calendar.tsx
./src/components/ui/date-range-picker.tsx
./src/app/dashboard/reports/page.tsx
You provided a `value` prop to a form field without an `onChange` handler. This will render a read-only field. If the field should be mutable use `defaultValue`. Otherwise, set `onChange`.
 ⚠ Fast Refresh had to perform a full reload due to a runtime error.
 GET /dashboard/reports 200 in 2902ms
 GET /_next/static/webpack/d0c6b45d26e8398c.webpack.hot-update.json 404 in 2926ms
You provided a `value` prop to a form field without an `onChange` handler. This will render a read-only field. If the field should be mutable use `defaultValue`. Otherwise, set `onChange`.
 GET /dashboard/reports 200 in 57ms
 ✓ Compiled /dashboard/reports in 1161ms (3371 modules)
 GET /dashboard/reports 200 in 54ms
You provided a `value` prop to a form field without an `onChange` handler. This will render a read-only field. If the field should be mutable use `defaultValue`. Otherwise, set `onChange`.
 GET /dashboard/reports 200 in 167ms
 ⨯ ./src/components/ui/select.tsx:4:1
Module not found: Can't resolve '@radix-ui/react-select'
  2 |
  3 | import * as React from 'react';
> 4 | import * as SelectPrimitive from '@radix-ui/react-select';
    | ^
  5 | import { Check, ChevronDown } from 'lucide-react';
  6 | import { cn } from '@/lib/utils';
  7 |

https://nextjs.org/docs/messages/module-not-found

Import trace for requested module:
./src/app/dashboard/reports/page.tsx
 ✓ Compiled in 1006ms (3388 modules)
 GET /dashboard/reports 200 in 100ms
 GET /dashboard/reports 200 in 175ms
 ✓ Compiled in 1680ms (3388 modules)
 GET /dashboard/reports 200 in 102ms
 ✓ Compiled in 2.3s (3390 modules)
 GET /dashboard/reports 200 in 95ms
 ✓ Compiled in 804ms (3390 modules)
 GET /dashboard/reports 200 in 37ms
 ✓ Compiled in 3.7s (3390 modules)
 GET /dashboard/reports 200 in 48ms
 ✓ Compiled in 3.7s (3390 modules)
 GET /dashboard/reports 200 in 89ms
 ✓ Compiled in 1862ms (3390 modules)
 GET /dashboard/reports 200 in 38ms
 ✓ Compiled in 1429ms (3390 modules)
 GET /dashboard/reports 200 in 34ms
 ✓ Compiled in 1374ms (3390 modules)
 GET /dashboard/reports 200 in 33ms
 ✓ Compiled in 1560ms (3390 modules)
 GET /dashboard/reports 200 in 50ms
 ✓ Compiled in 1232ms (3390 modules)
 GET /dashboard/reports 200 in 48ms
 ○ Compiling /_not-found ...
 ✓ Compiled /_not-found in 832ms (3380 modules)
 GET /_next/static/css/app/layout.css?v=1751288783865 404 in 994ms
 ✓ Compiled in 826ms (3394 modules)
 GET /dashboard/reports 200 in 37ms
 GET /_next/static/css/app/layout.css?v=1751288790373 404 in 76ms
 ✓ Compiled in 752ms (3394 modules)
 GET /dashboard/reports 200 in 44ms
 GET /_next/static/css/app/layout.css?v=1751288811105 404 in 52ms
 ✓ Compiled in 1187ms (3394 modules)
 GET /dashboard/reports 200 in 37ms
 ✓ Compiled in 1185ms (3394 modules)
 GET /dashboard/reports 200 in 49ms
 ✓ Compiled in 932ms (3390 modules)
 GET /dashboard/reports 200 in 76ms
 ✓ Compiled in 4s (3390 modules)
 GET /dashboard/reports 200 in 53ms
 ✓ Compiled in 1204ms (3390 modules)
 GET /dashboard/reports 200 in 32ms
 ✓ Compiled in 640ms (3390 modules)
 GET /dashboard/reports 200 in 30ms
 ✓ Compiled in 691ms (3390 modules)
 GET /dashboard/reports 200 in 33ms
 ✓ Compiled in 1297ms (3390 modules)
 GET /dashboard/reports 200 in 29ms
 ✓ Compiled in 2.2s (3390 modules)
 GET /dashboard/reports 200 in 57ms
 ✓ Compiled in 857ms (3390 modules)
 GET /dashboard/reports 200 in 48ms
 ✓ Compiled in 1056ms (3390 modules)
 GET /dashboard/reports 200 in 34ms
 ✓ Compiled in 688ms (3390 modules)
 GET /dashboard/reports 200 in 36ms
 GET /dashboard/holdings 200 in 271ms
 ○ Compiling /_not-found ...
 ✓ Compiled /_not-found in 1882ms (3380 modules)
 GET /_next/static/chunks/app-pages-internals.js 404 in 2218ms
 GET /_next/static/chunks/main-app.js?v=1751289187669 404 in 2217ms
 GET /_next/static/chunks/app/dashboard/holdings/page.js 404 in 2384ms
 GET /dashboard/reports 200 in 533ms
 GET /_next/static/chunks/app-pages-internals.js 404 in 69ms
 GET /_next/static/chunks/main-app.js?v=1751289190261 404 in 74ms
 ✓ Compiled in 1804ms (3394 modules)
 ✓ Compiled in 679ms (3394 modules)
 ✓ Compiled in 679ms (3390 modules)
 GET /dashboard/reports 200 in 278ms
 ○ Compiling /_not-found ...
 ✓ Compiled /_not-found in 964ms (3380 modules)
 GET /_next/static/chunks/main-app.js?v=1751289281184 404 in 1095ms
 GET /_next/static/chunks/app-pages-internals.js 404 in 1095ms
 ✓ Compiled in 1656ms (3394 modules)
 ✓ Compiled in 1067ms (3394 modules)
 GET /dashboard/reports 200 in 227ms
 GET /_next/static/chunks/app-pages-internals.js 404 in 90ms
 GET /_next/static/chunks/main-app.js?v=1751289341987 404 in 98ms
 ✓ Compiled in 3.8s (3390 modules)
 ✓ Compiled in 804ms (3390 modules)
 ✓ Compiled in 675ms (3367 modules)
 ✓ Compiled in 721ms (3367 modules)
 ✓ Compiled in 975ms (3367 modules)
 ⨯ ./src/app/dashboard/reports/page.tsx
Error:   [31mx[0m Unexpected token `div`. Expected jsx identifier
     ,-[[36;1;4m/Users/yadnesh_kombe/hackathon/Finance App/frontend/src/app/dashboard/reports/page.tsx[0m:180:1]
 [2m177[0m |   };
 [2m178[0m | 
 [2m179[0m |   return (
 [2m180[0m |     <div className="space-y-8">
     : [35;1m     ^^^[0m
 [2m181[0m |       {/* Header */}
 [2m182[0m |       <div>
 [2m183[0m |         <h1 className="text-2xl font-bold text-gray-900">Reports</h1>
     `----

Caused by:
    Syntax Error

Import trace for requested module:
./src/app/dashboard/reports/page.tsx
 ⨯ ./src/app/dashboard/reports/page.tsx
Error:   [31mx[0m Unexpected token `div`. Expected jsx identifier
     ,-[[36;1;4m/Users/yadnesh_kombe/hackathon/Finance App/frontend/src/app/dashboard/reports/page.tsx[0m:180:1]
 [2m177[0m |   };
 [2m178[0m | 
 [2m179[0m |   return (
 [2m180[0m |     <div className="space-y-8">
     : [35;1m     ^^^[0m
 [2m181[0m |       {/* Header */}
 [2m182[0m |       <div>
 [2m183[0m |         <h1 className="text-2xl font-bold text-gray-900">Reports</h1>
     `----

Caused by:
    Syntax Error

Import trace for requested module:
./src/app/dashboard/reports/page.tsx
 ⨯ ./src/app/dashboard/reports/page.tsx
Error:   [31mx[0m Unexpected token `div`. Expected jsx identifier
     ,-[[36;1;4m/Users/yadnesh_kombe/hackathon/Finance App/frontend/src/app/dashboard/reports/page.tsx[0m:180:1]
 [2m177[0m |   };
 [2m178[0m | 
 [2m179[0m |   return (
 [2m180[0m |     <div className="space-y-8">
     : [35;1m     ^^^[0m
 [2m181[0m |       {/* Header */}
 [2m182[0m |       <div>
 [2m183[0m |         <h1 className="text-2xl font-bold text-gray-900">Reports</h1>
     `----

Caused by:
    Syntax Error

Import trace for requested module:
./src/app/dashboard/reports/page.tsx
 ✓ Compiled in 2.2s (3353 modules)
 GET /dashboard/reports 200 in 271ms
 ○ Compiling /_not-found ...
 ✓ Compiled /_not-found in 1200ms (3357 modules)
 GET /_next/static/chunks/app-pages-internals.js 404 in 1329ms
 GET /_next/static/chunks/main-app.js?v=1751289611832 404 in 1332ms
 ✓ Compiled in 1678ms (3367 modules)
 ✓ Compiled in 926ms (3367 modules)
 ✓ Compiled in 706ms (3367 modules)
 ✓ Compiled in 905ms (3367 modules)
 ✓ Compiled in 1414ms (3367 modules)
 GET /dashboard/reports 200 in 281ms
 ○ Compiling /_not-found ...
 ✓ Compiled /_not-found in 1171ms (3357 modules)
 GET /_next/static/chunks/main-app.js?v=1751289850052 404 in 1314ms
 GET /_next/static/chunks/app-pages-internals.js 404 in 1313ms
 GET /dashboard/reports 200 in 199ms
 GET /_next/static/chunks/main-app.js?v=1751289855154 404 in 61ms
 GET /_next/static/chunks/app-pages-internals.js 404 in 60ms
 GET /dashboard/reports 200 in 70ms
 GET /_next/static/chunks/main-app.js?v=1751289856726 404 in 58ms
 GET /_next/static/chunks/app-pages-internals.js 404 in 57ms
 GET /dashboard/reports 200 in 80ms
 GET /_next/static/chunks/app-pages-internals.js 404 in 49ms
 GET /_next/static/chunks/main-app.js?v=1751289857569 404 in 50ms
 GET /dashboard/reports 200 in 82ms
 GET /_next/static/chunks/main-app.js?v=1751289858453 404 in 43ms
 GET /_next/static/chunks/app-pages-internals.js 404 in 42ms
 GET /dashboard/reports 200 in 93ms
 GET /_next/static/chunks/main-app.js?v=1751289860700 404 in 52ms
 GET /_next/static/chunks/app-pages-internals.js 404 in 49ms
 GET /.well-known/appspecific/com.chrome.devtools.json 404 in 71ms
 GET /dashboard/reports 200 in 79ms
 GET /.well-known/appspecific/com.chrome.devtools.json 404 in 93ms
 GET /_next/static/media/569ce4b8f30dc480-s.p.woff2 404 in 198ms
 GET /_next/static/media/93f479601ee12b01-s.p.woff2 404 in 201ms
 GET /_next/static/chunks/main-app.js?v=1751289866846 404 in 77ms
 GET /_next/static/chunks/app-pages-internals.js 404 in 84ms
 ○ Compiling /favicon.ico ...
 ✓ Compiled /favicon.ico in 2.3s (3373 modules)
 GET /favicon.ico 200 in 2605ms
 GET /_next/static/media/93f479601ee12b01-s.p.woff2 404 in 1269ms
 GET /_next/static/media/569ce4b8f30dc480-s.p.woff2 404 in 1267ms
 ✓ Compiled in 1642ms (3367 modules)
 ✓ Compiled in 757ms (3367 modules)
 ✓ Compiled in 746ms (3367 modules)
 GET /dashboard/reports 200 in 292ms
 ○ Compiling /_not-found ...
 ✓ Compiled /_not-found in 611ms (3357 modules)
 GET /_next/static/chunks/app-pages-internals.js 404 in 710ms
 GET /_next/static/media/569ce4b8f30dc480-s.p.woff2 404 in 762ms
 GET /_next/static/chunks/main-app.js?v=1751290094934 404 in 728ms
 GET /_next/static/media/93f479601ee12b01-s.p.woff2 404 in 731ms
 GET /_next/static/media/569ce4b8f30dc480-s.p.woff2 404 in 57ms
 ○ Compiling /favicon.ico ...
 ✓ Compiled /favicon.ico in 931ms (3373 modules)
 GET /favicon.ico 200 in 1071ms
 GET /_next/static/media/93f479601ee12b01-s.p.woff2 404 in 987ms
 ✓ Compiled in 1433ms (3367 modules)
 GET /dashboard/reports 200 in 303ms
 ○ Compiling /_not-found ...
 ✓ Compiled /_not-found in 579ms (3371 modules)
 GET /_next/static/chunks/main-app.js?v=1751290212885 404 in 679ms
 GET /_next/static/media/569ce4b8f30dc480-s.p.woff2 404 in 711ms
 GET /_next/static/chunks/app-pages-internals.js 404 in 676ms
 GET /_next/static/media/93f479601ee12b01-s.p.woff2 404 in 684ms
 GET /_next/static/media/569ce4b8f30dc480-s.p.woff2 404 in 37ms
 ○ Compiling /favicon.ico ...
 ✓ Compiled /favicon.ico in 1045ms (3373 modules)
 GET /favicon.ico 200 in 1191ms
 GET /_next/static/media/93f479601ee12b01-s.p.woff2 404 in 1173ms
 GET /.well-known/appspecific/com.chrome.devtools.json 404 in 59ms
 ✓ Compiled in 1875ms (3367 modules)
 ✓ Compiled in 759ms (3367 modules)
 ✓ Compiled in 787ms (3367 modules)
 GET /dashboard/reports 200 in 302ms
 ○ Compiling /_not-found ...
 ✓ Compiled /_not-found in 571ms (3357 modules)
 GET /_next/static/chunks/main-app.js?v=1751290546818 404 in 721ms
 GET /_next/static/media/93f479601ee12b01-s.p.woff2 404 in 726ms
 GET /_next/static/chunks/app-pages-internals.js 404 in 717ms
 GET /_next/static/media/569ce4b8f30dc480-s.p.woff2 404 in 757ms
 GET /_next/static/media/93f479601ee12b01-s.p.woff2 404 in 93ms
 ○ Compiling /favicon.ico ...
 ✓ Compiled /favicon.ico in 929ms (3373 modules)
 GET /favicon.ico 200 in 1043ms
 GET /_next/static/media/569ce4b8f30dc480-s.p.woff2 404 in 936ms
 GET /dashboard 200 in 264ms
 GET /_next/static/media/93f479601ee12b01-s.p.woff2 404 in 87ms
 GET /_next/static/media/569ce4b8f30dc480-s.p.woff2 404 in 88ms
 GET /_next/static/chunks/main-app.js?v=1751290576709 404 in 85ms
 GET /_next/static/chunks/app-pages-internals.js 404 in 85ms
 GET /_next/static/media/93f479601ee12b01-s.p.woff2 404 in 50ms
 GET /_next/static/media/569ce4b8f30dc480-s.p.woff2 404 in 26ms
 ✓ Compiled in 1469ms (3371 modules)
 ⨯ ./src/app/dashboard/reports/page.tsx
Error:   [31mx[0m Unexpected token `Layout`. Expected jsx identifier
     ,-[[36;1;4m/Users/yadnesh_kombe/hackathon/Finance App/frontend/src/app/dashboard/reports/page.tsx[0m:181:1]
 [2m178[0m |   };
 [2m179[0m | 
 [2m180[0m |   return (
 [2m181[0m |     <Layout>
     : [35;1m     ^^^^^^[0m
 [2m182[0m |       <div className="space-y-6">
 [2m183[0m |         {/* Header */}
 [2m184[0m |         <div className="bg-white rounded-lg shadow-sm p-6">
     `----

Caused by:
    Syntax Error

Import trace for requested module:
./src/app/dashboard/reports/page.tsx
 ✓ Compiled in 1175ms (3353 modules)
 GET /dashboard/reports 200 in 320ms
 ○ Compiling /_not-found ...
 ✓ Compiled /_not-found in 849ms (3357 modules)
 GET /_next/static/chunks/app-pages-internals.js 404 in 958ms
 GET /_next/static/media/569ce4b8f30dc480-s.p.woff2 404 in 984ms
 GET /_next/static/chunks/main-app.js?v=1751290700223 404 in 961ms
 GET /_next/static/media/93f479601ee12b01-s.p.woff2 404 in 965ms
 GET /_next/static/media/569ce4b8f30dc480-s.p.woff2 404 in 44ms
 GET /_next/static/media/93f479601ee12b01-s.p.woff2 404 in 21ms
 GET /dashboard/holdings 200 in 144ms
 GET /_next/static/media/93f479601ee12b01-s.p.woff2 404 in 73ms
 GET /_next/static/chunks/main-app.js?v=1751290702165 404 in 73ms
 GET /_next/static/media/569ce4b8f30dc480-s.p.woff2 404 in 75ms
 GET /_next/static/chunks/app-pages-internals.js 404 in 74ms
 GET /_next/static/media/93f479601ee12b01-s.p.woff2 404 in 51ms
 GET /_next/static/media/569ce4b8f30dc480-s.p.woff2 404 in 26ms
 GET /.well-known/appspecific/com.chrome.devtools.json 404 in 63ms
 GET /dashboard/holdings 200 in 109ms
 GET /.well-known/appspecific/com.chrome.devtools.json 404 in 40ms
 GET /_next/static/media/569ce4b8f30dc480-s.p.woff2 404 in 135ms
 GET /_next/static/media/93f479601ee12b01-s.p.woff2 404 in 106ms
 GET /_next/static/chunks/main-app.js?v=1751290714781 404 in 101ms
 GET /_next/static/chunks/app-pages-internals.js 404 in 42ms
 GET /_next/static/media/569ce4b8f30dc480-s.p.woff2 404 in 44ms
 GET /_next/static/media/93f479601ee12b01-s.p.woff2 404 in 45ms
 ○ Compiling /favicon.ico ...
 ✓ Compiled /favicon.ico in 561ms (1713 modules)
 GET /favicon.ico 200 in 675ms
 GET /dashboard 200 in 230ms
 GET /.well-known/appspecific/com.chrome.devtools.json 404 in 76ms
 GET /_next/static/media/569ce4b8f30dc480-s.p.woff2 404 in 133ms
 GET /_next/static/media/93f479601ee12b01-s.p.woff2 404 in 132ms
 GET /_next/static/chunks/main-app.js?v=1751290726632 404 in 74ms
 GET /_next/static/chunks/app-pages-internals.js 404 in 48ms
 GET /_next/static/media/93f479601ee12b01-s.p.woff2 404 in 40ms
 GET /_next/static/media/569ce4b8f30dc480-s.p.woff2 404 in 44ms
 ✓ Compiled in 2.1s (3367 modules)
 ✓ Compiled in 989ms (3367 modules)
 ✓ Compiled in 1428ms (3367 modules)
 ✓ Compiled in 1195ms (3367 modules)
 ⨯ ./src/app/dashboard/upload/page.tsx
Error:   [31mx[0m Expected ',', got ';'
     ,-[[36;1;4m/Users/yadnesh_kombe/hackathon/Finance App/frontend/src/app/dashboard/upload/page.tsx[0m:252:1]
 [2m249[0m |       }
 [2m250[0m |       return null;
 [2m251[0m |     }
 [2m252[0m |   });
     : [35;1m    ^[0m
 [2m253[0m |   
 [2m254[0m |   // Add keyboard shortcut for upload (Ctrl/Cmd + U)
 [2m255[0m |   useEffect(() => {
     `----

Caused by:
    Syntax Error

Import trace for requested module:
./src/app/dashboard/upload/page.tsx
 ✓ Compiled in 1331ms (3353 modules)
 ✓ Compiled in 2.9s (3367 modules)
 GET /dashboard 200 in 680ms
 ○ Compiling /_not-found ...
 ✓ Compiled /_not-found in 1538ms (3357 modules)
 GET /.well-known/appspecific/com.chrome.devtools.json 404 in 1771ms
 GET /_next/static/chunks/main-app.js?v=1751291431528 404 in 1684ms
 GET /_next/static/media/93f479601ee12b01-s.p.woff2 404 in 1690ms
 GET /_next/static/chunks/app-pages-internals.js 404 in 1310ms
 GET /_next/static/media/569ce4b8f30dc480-s.p.woff2 404 in 1704ms
 GET /_next/static/media/93f479601ee12b01-s.p.woff2 404 in 39ms
 GET /_next/static/media/569ce4b8f30dc480-s.p.woff2 404 in 37ms
 GET /dashboard/upload 200 in 188ms
 GET /.well-known/appspecific/com.chrome.devtools.json 404 in 71ms
 GET /_next/static/media/93f479601ee12b01-s.p.woff2 404 in 193ms
 GET /_next/static/media/569ce4b8f30dc480-s.p.woff2 404 in 194ms
 GET /_next/static/chunks/main-app.js?v=1751291433908 404 in 184ms
 GET /_next/static/chunks/app-pages-internals.js 404 in 39ms
 GET /_next/static/media/93f479601ee12b01-s.p.woff2 404 in 54ms
 GET /_next/static/media/569ce4b8f30dc480-s.p.woff2 404 in 59ms
 ✓ Compiled /favicon.ico in 356ms (1713 modules)
 GET /favicon.ico 200 in 448ms
 GET /dashboard/holdings 200 in 171ms
 GET /.well-known/appspecific/com.chrome.devtools.json 404 in 45ms
 GET /_next/static/media/93f479601ee12b01-s.p.woff2 404 in 151ms
 GET /_next/static/media/569ce4b8f30dc480-s.p.woff2 404 in 153ms
 GET /_next/static/chunks/main-app.js?v=1751291435809 404 in 147ms
 GET /_next/static/chunks/app-pages-internals.js 404 in 50ms
 GET /_next/static/media/569ce4b8f30dc480-s.p.woff2 404 in 49ms
 GET /_next/static/media/93f479601ee12b01-s.p.woff2 404 in 52ms
 GET /dashboard 200 in 151ms
 GET /.well-known/appspecific/com.chrome.devtools.json 404 in 43ms
 GET /_next/static/media/569ce4b8f30dc480-s.p.woff2 404 in 112ms
 GET /_next/static/media/93f479601ee12b01-s.p.woff2 404 in 112ms
 GET /_next/static/chunks/main-app.js?v=1751291436696 404 in 83ms
 GET /_next/static/chunks/app-pages-internals.js 404 in 34ms
 GET /_next/static/media/569ce4b8f30dc480-s.p.woff2 404 in 37ms
 GET /_next/static/media/93f479601ee12b01-s.p.woff2 404 in 37ms
 GET /dashboard/holdings 200 in 78ms
 GET /.well-known/appspecific/com.chrome.devtools.json 404 in 36ms
 GET /_next/static/media/569ce4b8f30dc480-s.p.woff2 404 in 135ms
 GET /_next/static/media/93f479601ee12b01-s.p.woff2 404 in 136ms
 GET /_next/static/chunks/main-app.js?v=1751291438341 404 in 49ms
 GET /_next/static/chunks/app-pages-internals.js 404 in 48ms
 GET /_next/static/media/569ce4b8f30dc480-s.p.woff2 404 in 38ms
 GET /_next/static/media/93f479601ee12b01-s.p.woff2 404 in 38ms
 GET /dashboard/reports 200 in 163ms
 GET /.well-known/appspecific/com.chrome.devtools.json 404 in 56ms
 GET /_next/static/media/569ce4b8f30dc480-s.p.woff2 404 in 144ms
 GET /_next/static/media/93f479601ee12b01-s.p.woff2 404 in 89ms
 GET /_next/static/chunks/main-app.js?v=1751291441353 404 in 87ms
 GET /_next/static/chunks/app-pages-internals.js 404 in 86ms
 GET /_next/static/media/569ce4b8f30dc480-s.p.woff2 404 in 43ms
 GET /_next/static/media/93f479601ee12b01-s.p.woff2 404 in 25ms
 GET /dashboard/holdings 200 in 91ms
 GET /_next/static/media/569ce4b8f30dc480-s.p.woff2 404 in 119ms
 GET /_next/static/media/93f479601ee12b01-s.p.woff2 404 in 97ms
 GET /_next/static/chunks/main-app.js?v=1751291450831 404 in 89ms
 GET /_next/static/chunks/app-pages-internals.js 404 in 54ms
 GET /_next/static/media/569ce4b8f30dc480-s.p.woff2 404 in 41ms
 GET /_next/static/media/93f479601ee12b01-s.p.woff2 404 in 39ms
 GET /dashboard/upload 200 in 203ms
 GET /_next/static/media/569ce4b8f30dc480-s.p.woff2 404 in 117ms
 GET /_next/static/media/93f479601ee12b01-s.p.woff2 404 in 84ms
 GET /_next/static/chunks/main-app.js?v=1751291479035 404 in 80ms
 GET /_next/static/chunks/app-pages-internals.js 404 in 80ms
 GET /_next/static/media/569ce4b8f30dc480-s.p.woff2 404 in 60ms
 GET /_next/static/media/93f479601ee12b01-s.p.woff2 404 in 26ms
 GET /dashboard 200 in 86ms
 GET /_next/static/media/569ce4b8f30dc480-s.p.woff2 404 in 80ms
 GET /_next/static/media/93f479601ee12b01-s.p.woff2 404 in 71ms
 GET /_next/static/chunks/main-app.js?v=1751291487948 404 in 70ms
 GET /_next/static/chunks/app-pages-internals.js 404 in 70ms
 GET /_next/static/media/569ce4b8f30dc480-s.p.woff2 404 in 39ms
 GET /_next/static/media/93f479601ee12b01-s.p.woff2 404 in 39ms
 GET /dashboard/upload 200 in 89ms
 GET /_next/static/media/569ce4b8f30dc480-s.p.woff2 404 in 114ms
 GET /_next/static/media/93f479601ee12b01-s.p.woff2 404 in 97ms
 GET /_next/static/chunks/main-app.js?v=1751291505802 404 in 71ms
 GET /_next/static/chunks/app-pages-internals.js 404 in 69ms
 GET /_next/static/media/569ce4b8f30dc480-s.p.woff2 404 in 31ms
 GET /_next/static/media/93f479601ee12b01-s.p.woff2 404 in 26ms
 ✓ Compiled in 2.9s (3367 modules)
 ✓ Compiled in 1620ms (3367 modules)
 GET /dashboard/upload 200 in 415ms
 ○ Compiling /_not-found ...
 ✓ Compiled /_not-found in 710ms (3357 modules)
 GET /_next/static/chunks/main-app.js?v=1751291831454 404 in 836ms
 GET /_next/static/media/569ce4b8f30dc480-s.p.woff2 404 in 891ms
 GET /_next/static/media/93f479601ee12b01-s.p.woff2 404 in 850ms
 GET /_next/static/chunks/app-pages-internals.js 404 in 838ms
 GET /_next/static/media/569ce4b8f30dc480-s.p.woff2 404 in 59ms
 GET /_next/static/media/93f479601ee12b01-s.p.woff2 404 in 59ms
 ✓ Compiled /favicon.ico in 305ms (1713 modules)
 GET /favicon.ico 200 in 422ms
 GET /.well-known/appspecific/com.chrome.devtools.json 404 in 229ms
 ✓ Compiled in 2.3s (3367 modules)
 ✓ Compiled in 803ms (3367 modules)
 ✓ Compiled in 750ms (3367 modules)
 ✓ Compiled in 714ms (3367 modules)
 GET /dashboard/upload 200 in 302ms
 ○ Compiling /_not-found ...
 ✓ Compiled /_not-found in 1098ms (3357 modules)
 GET /.well-known/appspecific/com.chrome.devtools.json 404 in 1323ms
 GET /_next/static/media/93f479601ee12b01-s.p.woff2 404 in 1294ms
 GET /_next/static/media/569ce4b8f30dc480-s.p.woff2 404 in 1307ms
 GET /_next/static/chunks/app-pages-internals.js 404 in 824ms
 GET /_next/static/chunks/main-app.js?v=1751292082291 404 in 1278ms
 GET /_next/static/media/93f479601ee12b01-s.p.woff2 404 in 84ms
 GET /_next/static/media/569ce4b8f30dc480-s.p.woff2 404 in 40ms
 ✓ Compiled /favicon.ico in 355ms (1713 modules)
 GET /favicon.ico 200 in 469ms
 GET /dashboard/upload 200 in 206ms
 GET /_next/static/media/569ce4b8f30dc480-s.p.woff2 404 in 82ms
 GET /_next/static/media/93f479601ee12b01-s.p.woff2 404 in 81ms
 GET /_next/static/chunks/main-app.js?v=1751292090787 404 in 77ms
 GET /_next/static/chunks/app-pages-internals.js 404 in 68ms
 GET /_next/static/media/569ce4b8f30dc480-s.p.woff2 404 in 44ms
 GET /_next/static/media/93f479601ee12b01-s.p.woff2 404 in 44ms
 GET /favicon.ico 200 in 3ms
 GET /.well-known/appspecific/com.chrome.devtools.json 404 in 25ms
 ✓ Compiled in 1627ms (3367 modules)
 ✓ Compiled in 857ms (3367 modules)
 ✓ Compiled in 848ms (3367 modules)
 ✓ Compiled in 1725ms (3461 modules)
 ✓ Compiled in 764ms (3367 modules)
 ✓ Compiled in 1354ms (3367 modules)
 GET /dashboard/upload 200 in 277ms
 ○ Compiling /_not-found ...
 ✓ Compiled /_not-found in 1784ms (3357 modules)
 GET /.well-known/appspecific/com.chrome.devtools.json 404 in 1954ms
 GET /_next/static/chunks/main-app.js?v=1751292378590 404 in 1912ms
 GET /_next/static/media/93f479601ee12b01-s.p.woff2 404 in 1915ms
 GET /_next/static/chunks/app-pages-internals.js 404 in 1431ms
 GET /_next/static/media/569ce4b8f30dc480-s.p.woff2 404 in 1921ms
 GET /_next/static/media/93f479601ee12b01-s.p.woff2 404 in 50ms
 ○ Compiling /favicon.ico ...
 ✓ Compiled /favicon.ico in 819ms (3373 modules)
 GET /favicon.ico 200 in 976ms
 GET /_next/static/media/569ce4b8f30dc480-s.p.woff2 404 in 924ms
[?25h
