🚀 Starting Finance Investment Tracker...

[0;34mStarting Backend (FastAPI)...[0m
Creating Python virtual environment...
Installing backend dependencies...
WARNING: You are using pip version 21.2.4; however, version 25.1.1 is available.
You should consider upgrading via the '/Users/yadnesh_kombe/hackathon/Finance App/backend/venv/bin/python3 -m pip install --upgrade pip' command.
Starting FastAPI server...
Waiting for backend to start...
INFO:     Will watch for changes in these directories: ['/Users/yadnesh_kombe/hackathon/Finance App/backend']
INFO:     Uvicorn running on http://0.0.0.0:8000 (Press CTRL+C to quit)
INFO:     Started reloader process [70799] using WatchFiles

[0;34mStarting Frontend (Next.js)...[0m
Installing frontend dependencies...
Process SpawnProcess-1:
Traceback (most recent call last):
  File "/Applications/Xcode.app/Contents/Developer/Library/Frameworks/Python3.framework/Versions/3.9/lib/python3.9/multiprocessing/process.py", line 315, in _bootstrap
    self.run()
  File "/Applications/Xcode.app/Contents/Developer/Library/Frameworks/Python3.framework/Versions/3.9/lib/python3.9/multiprocessing/process.py", line 108, in run
    self._target(*self._args, **self._kwargs)
  File "/Users/yadnesh_kombe/hackathon/Finance App/backend/venv/lib/python3.9/site-packages/uvicorn/_subprocess.py", line 76, in subprocess_started
    target(sockets=sockets)
  File "/Users/yadnesh_kombe/hackathon/Finance App/backend/venv/lib/python3.9/site-packages/uvicorn/server.py", line 61, in run
    return asyncio.run(self.serve(sockets=sockets))
  File "/Applications/Xcode.app/Contents/Developer/Library/Frameworks/Python3.framework/Versions/3.9/lib/python3.9/asyncio/runners.py", line 44, in run
    return loop.run_until_complete(main)
  File "uvloop/loop.pyx", line 1518, in uvloop.loop.Loop.run_until_complete
  File "/Users/yadnesh_kombe/hackathon/Finance App/backend/venv/lib/python3.9/site-packages/uvicorn/server.py", line 68, in serve
    config.load()
  File "/Users/yadnesh_kombe/hackathon/Finance App/backend/venv/lib/python3.9/site-packages/uvicorn/config.py", line 467, in load
    self.loaded_app = import_from_string(self.app)
  File "/Users/yadnesh_kombe/hackathon/Finance App/backend/venv/lib/python3.9/site-packages/uvicorn/importer.py", line 24, in import_from_string
    raise exc from None
  File "/Users/yadnesh_kombe/hackathon/Finance App/backend/venv/lib/python3.9/site-packages/uvicorn/importer.py", line 21, in import_from_string
    module = importlib.import_module(module_str)
  File "/Applications/Xcode.app/Contents/Developer/Library/Frameworks/Python3.framework/Versions/3.9/lib/python3.9/importlib/__init__.py", line 127, in import_module
    return _bootstrap._gcd_import(name[level:], package, level)
  File "<frozen importlib._bootstrap>", line 1030, in _gcd_import
  File "<frozen importlib._bootstrap>", line 1007, in _find_and_load
  File "<frozen importlib._bootstrap>", line 986, in _find_and_load_unlocked
  File "<frozen importlib._bootstrap>", line 680, in _load_unlocked
  File "<frozen importlib._bootstrap_external>", line 850, in exec_module
  File "<frozen importlib._bootstrap>", line 228, in _call_with_frames_removed
  File "/Users/yadnesh_kombe/hackathon/Finance App/backend/app/main.py", line 3, in <module>
    from app.api.v1.api import api_router
  File "/Users/yadnesh_kombe/hackathon/Finance App/backend/app/api/v1/api.py", line 2, in <module>
    from app.api.v1.endpoints import auth, portfolios, uploads, market
  File "/Users/yadnesh_kombe/hackathon/Finance App/backend/app/api/v1/endpoints/uploads.py", line 8, in <module>
    from app.services.pdf_parser import PDFParser
  File "/Users/yadnesh_kombe/hackathon/Finance App/backend/app/services/pdf_parser.py", line 1, in <module>
    import PyPDF2
ModuleNotFoundError: No module named 'PyPDF2'
Starting Next.js development server...

[0;32m✅ Application is starting![0m

📱 Frontend: http://localhost:3000
🔧 Backend API: http://localhost:8000
📚 API Documentation: http://localhost:8000/docs

Press Ctrl+C to stop all services


> frontend@0.1.0 dev
> NODE_OPTIONS='--max-old-space-size=4096' next dev

   ▲ Next.js 15.3.4
   - Local:        http://localhost:3000
   - Network:      http://192.168.0.100:3000
   - Environments: .env.local

 ✓ Starting...
 ✓ Ready in 1439ms
 ○ Compiling / ...
 ✓ Compiled / in 1793ms (789 modules)
 GET / 200 in 2026ms
WARNING:  WatchFiles detected changes in 'venv/lib/python3.9/site-packages/PyPDF2/_merger.py', 'venv/lib/python3.9/site-packages/PyPDF2/__init__.py', 'venv/lib/python3.9/site-packages/PyPDF2/_codecs/std.py', 'venv/lib/python3.9/site-packages/PyPDF2/_cmap.py', 'venv/lib/python3.9/site-packages/PyPDF2/generic/_annotations.py', 'venv/lib/python3.9/site-packages/PyPDF2/generic/_rectangle.py', 'venv/lib/python3.9/site-packages/PyPDF2/_codecs/__init__.py', 'venv/lib/python3.9/site-packages/PyPDF2/generic/_fit.py', 'venv/lib/python3.9/site-packages/PyPDF2/generic/_utils.py', 'venv/lib/python3.9/site-packages/PyPDF2/_protocols.py', 'venv/lib/python3.9/site-packages/PyPDF2/_codecs/pdfdoc.py', 'venv/lib/python3.9/site-packages/PyPDF2/papersizes.py', 'venv/lib/python3.9/site-packages/PyPDF2/filters.py', 'venv/lib/python3.9/site-packages/PyPDF2/generic/_data_structures.py', 'venv/lib/python3.9/site-packages/PyPDF2/types.py', 'venv/lib/python3.9/site-packages/PyPDF2/_codecs/symbol.py', 'venv/lib/python3.9/site-packages/PyPDF2/_codecs/zapfding.py', 'venv/lib/python3.9/site-packages/PyPDF2/errors.py', 'venv/lib/python3.9/site-packages/PyPDF2/_page.py', 'venv/lib/python3.9/site-packages/PyPDF2/_encryption.py', 'venv/lib/python3.9/site-packages/PyPDF2/generic/__init__.py', 'venv/lib/python3.9/site-packages/PyPDF2/_reader.py', 'venv/lib/python3.9/site-packages/PyPDF2/generic/_base.py', 'venv/lib/python3.9/site-packages/PyPDF2/pagerange.py', 'venv/lib/python3.9/site-packages/PyPDF2/generic/_outline.py', 'venv/lib/python3.9/site-packages/PyPDF2/_utils.py', 'venv/lib/python3.9/site-packages/PyPDF2/_writer.py', 'venv/lib/python3.9/site-packages/PyPDF2/_security.py', 'venv/lib/python3.9/site-packages/PyPDF2/xmp.py', 'venv/lib/python3.9/site-packages/PyPDF2/_version.py', 'venv/lib/python3.9/site-packages/PyPDF2/_codecs/adobe_glyphs.py', 'venv/lib/python3.9/site-packages/PyPDF2/constants.py'. Reloading...
/Users/yadnesh_kombe/hackathon/Finance App/backend/venv/lib/python3.9/site-packages/urllib3/__init__.py:35: NotOpenSSLWarning: urllib3 v2 only supports OpenSSL 1.1.1+, currently the 'ssl' module is compiled with 'LibreSSL 2.8.3'. See: https://github.com/urllib3/urllib3/issues/3020
  warnings.warn(
INFO:     Started server process [70984]
INFO:     Waiting for application startup.
INFO:     Application startup complete.

🛑 Shutting down services...
[?25h
INFO:     Shutting down
INFO:     Waiting for application shutdown.
INFO:     Application shutdown complete.
INFO:     Finished server process [70984]
INFO:     Stopping reloader process [70799]
