
> frontend@0.1.0 dev
> NODE_OPTIONS='--max-old-space-size=4096' next dev

   ▲ Next.js 15.3.4
   - Local:        http://localhost:3000
   - Network:      http://192.168.0.100:3000
   - Environments: .env.local

 ✓ Starting...
 ✓ Ready in 1993ms
 ○ Compiling / ...
 ✓ Compiled / in 1314ms (775 modules)
 GET / 200 in 1600ms
 ✓ Compiled /middleware in 175ms (108 modules)
 ○ Compiling /dashboard/upload ...
 ✓ Compiled /dashboard/upload in 1022ms (1032 modules)
 GET /dashboard/upload 200 in 1229ms
 ○ Compiling /_not-found ...
 ✓ Compiled /_not-found in 655ms (1036 modules)
 GET /.well-known/appspecific/com.chrome.devtools.json 404 in 789ms
 ○ Compiling /favicon.ico ...
 ✓ Compiled /login in 892ms (628 modules)
 ✓ Compiled in 510ms (495 modules)
 GET /favicon.ico 200 in 1645ms
 ⚠ Fast Refresh had to perform a full reload. Read more: https://nextjs.org/docs/messages/fast-refresh-reload
 GET /favicon.ico 200 in 13ms
 GET /login 200 in 1012ms
 GET /.well-known/appspecific/com.chrome.devtools.json 404 in 34ms
 GET /favicon.ico 200 in 66ms
 ○ Compiling /dashboard ...
 ✓ Compiled /dashboard in 1461ms (2030 modules)
 GET /dashboard 200 in 1606ms
 ⨯ ./src/app/dashboard/page.tsx
Module parse failed: Identifier 'formatCurrency' has already been declared (323:10)
|         }, this);
|     }
>     const formatCurrency = useCallback({
|         "DashboardPage.useCallback[formatCurrency]": function(value) {
|             let decimals = arguments.length > 1 && arguments[1] !== void 0 ? arguments[1] : 0;

Import trace for requested module:
./src/app/dashboard/page.tsx
 ⚠ Fast Refresh had to perform a full reload due to a runtime error.
 ✓ Compiled in 1495ms (1990 modules)
 GET /dashboard 200 in 352ms
 ○ Compiling /_not-found ...
 ✓ Compiled /_not-found in 545ms (1994 modules)
 GET /.well-known/appspecific/com.chrome.devtools.json 404 in 638ms
 ✓ Compiled /favicon.ico in 190ms (1086 modules)
 GET /favicon.ico 200 in 266ms
 GET /login 200 in 247ms
 GET /.well-known/appspecific/com.chrome.devtools.json 404 in 42ms
 ⨯ ./src/app/dashboard/page.tsx
Module parse failed: Identifier 'assetData' has already been declared (358:10)
|         }, this);
|     }
>     const assetData = useMemo({
|         "DashboardPage.useMemo[assetData]": ()=>{
|             if (!summary) return [];

Import trace for requested module:
./src/app/dashboard/page.tsx
 ✓ Compiled in 1965ms (1990 modules)
 GET /login 200 in 128ms
 GET /dashboard 200 in 39ms
 ✓ Compiled /dashboard/upload in 499ms (1097 modules)
 GET /dashboard/upload 200 in 561ms
 GET /dashboard 200 in 30ms
 GET /dashboard/upload 200 in 26ms
 ○ Compiling /dashboard/holdings ...
 ✓ Compiled /dashboard/holdings in 739ms (2027 modules)
 GET /dashboard/holdings 200 in 808ms
 ○ Compiling /dashboard/reports ...
 ✓ Compiled /dashboard/reports in 1322ms (3022 modules)
 GET /dashboard/reports 200 in 1447ms
 ○ Compiling /dashboard/settings ...
 ⨯ ./src/app/dashboard/settings/page.tsx:10:1
Module not found: Can't resolve '@/components/ui/use-toast'
   8 | import { Switch } from '@/components/ui/switch';
   9 | import { Tabs, TabsContent, TabsList, TabsTrigger } from '@/components/ui/tabs';
> 10 | import { useToast } from '@/components/ui/use-toast';
     | ^
  11 | import { User, Bell, Shield, Palette, Database } from 'lucide-react';
  12 |
  13 | export default function SettingsPage() {

https://nextjs.org/docs/messages/module-not-found
 ⨯ ./src/app/dashboard/settings/page.tsx:10:1
Module not found: Can't resolve '@/components/ui/use-toast'
   8 | import { Switch } from '@/components/ui/switch';
   9 | import { Tabs, TabsContent, TabsList, TabsTrigger } from '@/components/ui/tabs';
> 10 | import { useToast } from '@/components/ui/use-toast';
     | ^
  11 | import { User, Bell, Shield, Palette, Database } from 'lucide-react';
  12 |
  13 | export default function SettingsPage() {

https://nextjs.org/docs/messages/module-not-found
 ⨯ ./src/app/dashboard/settings/page.tsx:10:1
Module not found: Can't resolve '@/components/ui/use-toast'
   8 | import { Switch } from '@/components/ui/switch';
   9 | import { Tabs, TabsContent, TabsList, TabsTrigger } from '@/components/ui/tabs';
> 10 | import { useToast } from '@/components/ui/use-toast';
     | ^
  11 | import { User, Bell, Shield, Palette, Database } from 'lucide-react';
  12 |
  13 | export default function SettingsPage() {

https://nextjs.org/docs/messages/module-not-found
 GET /dashboard/settings 500 in 4370ms
 GET /dashboard/settings 500 in 19ms
 GET /dashboard/settings 500 in 9ms
 GET /dashboard/settings 500 in 20ms
 GET /.well-known/appspecific/com.chrome.devtools.json 500 in 32ms
 ✓ Compiled /_not-found in 5.1s (3333 modules)
 GET /_next/static/webpack/d0c6b45d26e8398c.webpack.hot-update.json 404 in 1576ms
 ⚠ Fast Refresh had to perform a full reload due to a runtime error.
 ○ Compiling /dashboard/settings ...
 ✓ Compiled /dashboard/settings in 878ms (1673 modules)
 GET /dashboard/settings 200 in 975ms
 GET /.well-known/appspecific/com.chrome.devtools.json 404 in 89ms
 ○ Compiling /favicon.ico ...
 ✓ Compiled /favicon.ico in 618ms (1689 modules)
 GET /favicon.ico 200 in 839ms
 ✓ Compiled in 3.7s (3359 modules)
 GET /dashboard/settings 200 in 173ms
[Error: ENOENT: no such file or directory, scandir '/Users/yadnesh_kombe/hackathon/Finance App/frontend/src/app'] {
  errno: -2,
  code: 'ENOENT',
  syscall: 'scandir',
  path: '/Users/yadnesh_kombe/hackathon/Finance App/frontend/src/app'
}
 ⨯ unhandledRejection: [Error: ENOENT: no such file or directory, scandir '/Users/yadnesh_kombe/hackathon/Finance App/frontend/src/app'] {
  errno: -2,
  code: 'ENOENT',
  syscall: 'scandir',
  path: '/Users/yadnesh_kombe/hackathon/Finance App/frontend/src/app'
}
 ⨯ unhandledRejection:  [Error: ENOENT: no such file or directory, scandir '/Users/yadnesh_kombe/hackathon/Finance App/frontend/src/app'] {
  errno: -2,
  code: 'ENOENT',
  syscall: 'scandir',
  path: '/Users/yadnesh_kombe/hackathon/Finance App/frontend/src/app'
}
 ⨯ Module not found: Error: Can't resolve 'next-flight-client-entry-loader' in '/Users/yadnesh_kombe/hackathon/Finance App/frontend'
[Error: ENOENT: no such file or directory, scandir '/Users/yadnesh_kombe/hackathon/Finance App/frontend/src/app'] {
  errno: -2,
  code: 'ENOENT',
  syscall: 'scandir',
  path: '/Users/yadnesh_kombe/hackathon/Finance App/frontend/src/app'
}
 ⨯ unhandledRejection: [Error: ENOENT: no such file or directory, scandir '/Users/yadnesh_kombe/hackathon/Finance App/frontend/src/app'] {
  errno: -2,
  code: 'ENOENT',
  syscall: 'scandir',
  path: '/Users/yadnesh_kombe/hackathon/Finance App/frontend/src/app'
}
 ⨯ unhandledRejection:  [Error: ENOENT: no such file or directory, scandir '/Users/yadnesh_kombe/hackathon/Finance App/frontend/src/app'] {
  errno: -2,
  code: 'ENOENT',
  syscall: 'scandir',
  path: '/Users/yadnesh_kombe/hackathon/Finance App/frontend/src/app'
}
